<?xml version="1.0" encoding="UTF-8"?>
<!-- Generated by org.testng.reporters.JUnitReportReporter -->
<testsuite hostname="QT-INBG-LT0749" failures="0" tests="1" name="MyPackage.Sign_InPage" time="6.024" errors="0" timestamp="2022-09-16T18:36:41 IST" skipped="0">
  <testcase classname="MyPackage.Sign_InPage" name="sign" time="6.024"/>
  <system-out/>
</testsuite> <!-- MyPackage.Sign_InPage -->
