<?xml version="1.0" encoding="UTF-8"?>
<!-- Generated by org.testng.reporters.JUnitReportReporter -->
<testsuite hostname="QT-INBG-LT0749" failures="0" tests="1" name="MyPackage.Order_Page" time="22.019" errors="0" timestamp="2022-09-16T18:43:11 IST" skipped="0">
  <testcase classname="MyPackage.Order_Page" name="sign" time="22.019"/>
  <system-out/>
</testsuite> <!-- MyPackage.Order_Page -->
