<?xml version="1.0" encoding="UTF-8"?>
<!-- Generated by org.testng.reporters.JUnitReportReporter -->
<testsuite hostname="QT-INBG-LT0749" failures="0" tests="1" name="MyPackage.SignUP_Page" time="4.727" errors="0" timestamp="2022-09-16T18:36:41 IST" skipped="0">
  <testcase classname="MyPackage.SignUP_Page" name="sign" time="4.727"/>
  <system-out/>
</testsuite> <!-- MyPackage.SignUP_Page -->
